Using pre-set license
Built from '2020.3/staging' branch; Version is '2020.3.14f1 (d0d1bb862f9d) revision 13685179'; Using compiler version '192528614'; Build Type 'Release'
OS: 'Windows 10 Education; OS build 19042.1237; Version 2009; 64bit' Language: 'en' Physical Memory: 16180 MB
BatchMode: 1, IsHumanControllingUs: 0, StartBugReporterOnCrash: 0, Is64bit: 1, IsPro: 0

 COMMAND LINE ARGUMENTS:
C:\Program Files\Unity\Editor\Unity.exe
-adb2
-batchMode
-noUpm
-name
AssetImportWorker0
-projectPath
C:/Users/W0458290/OneDrive - Nova Scotia Community College/Unity projects/Castle
-logFile
Logs/AssetImportWorker0.log
-srvPort
55733
Successfully changed project path to: C:/Users/W0458290/OneDrive - Nova Scotia Community College/Unity projects/Castle
C:/Users/W0458290/OneDrive - Nova Scotia Community College/Unity projects/Castle
Using Asset Import Pipeline V2.
Refreshing native plugins compatible for Editor in 25.49 ms, found 2 plugins.
Preloading 0 native plugins for Editor in 0.00 ms.
Initialize engine version: 2020.3.14f1 (d0d1bb862f9d)
[Subsystems] Discovering subsystems at path C:/Program Files/Unity/Editor/Data/Resources/UnitySubsystems
[Subsystems] Discovering subsystems at path C:/Users/W0458290/OneDrive - Nova Scotia Community College/Unity projects/Castle/Assets
GfxDevice: creating device client; threaded=0
Direct3D:
    Version:  Direct3D 11.0 [level 11.0]
    Renderer: NVIDIA Quadro K2200 (ID=0x13ba)
    Vendor:   
    VRAM:     4053 MB
    Driver:   27.21.14.6192
Initialize mono
Mono path[0] = 'C:/Program Files/Unity/Editor/Data/Managed'
Mono path[1] = 'C:/Program Files/Unity/Editor/Data/MonoBleedingEdge/lib/mono/unityjit'
Mono config path = 'C:/Program Files/Unity/Editor/Data/MonoBleedingEdge/etc'
Using monoOptions --debugger-agent=transport=dt_socket,embedding=1,server=y,suspend=n,address=127.0.0.1:56748
Begin MonoManager ReloadAssembly
Registering precompiled unity dll's ...
Register platform support module: C:/Program Files/Unity/Editor/Data/PlaybackEngines/WindowsStandaloneSupport/UnityEditor.WindowsStandalone.Extensions.dll
Registered in 0.001869 seconds.
Native extension for WindowsStandalone target not found
Refreshing native plugins compatible for Editor in 25.23 ms, found 2 plugins.
Preloading 0 native plugins for Editor in 0.00 ms.
Mono: successfully reloaded assembly
- Completed reload, in  1.004 seconds
Domain Reload Profiling:
	ReloadAssembly (1004ms)
		BeginReloadAssembly (51ms)
			ExecutionOrderSort (0ms)
			DisableScriptedObjects (0ms)
			BackupInstance (0ms)
			ReleaseScriptingObjects (0ms)
			CreateAndSetChildDomain (1ms)
		EndReloadAssembly (396ms)
			LoadAssemblies (49ms)
			RebuildTransferFunctionScriptingTraits (0ms)
			SetupTypeCache (146ms)
			ReleaseScriptCaches (0ms)
			RebuildScriptCaches (31ms)
			SetupLoadedEditorAssemblies (151ms)
				LogAssemblyErrors (0ms)
				InitializePlatformSupportModulesInManaged (5ms)
				SetLoadedEditorAssemblies (0ms)
				RefreshPlugins (25ms)
				BeforeProcessingInitializeOnLoad (14ms)
				ProcessInitializeOnLoadAttributes (80ms)
				ProcessInitializeOnLoadMethodAttributes (27ms)
				AfterProcessingInitializeOnLoad (0ms)
				EditorAssembliesLoaded (0ms)
			ExecutionOrderSort2 (0ms)
			AwakeInstancesAfterBackupRestoration (0ms)
Platform modules already initialized, skipping
Registering precompiled user dll's ...
Registered in 0.004091 seconds.
Begin MonoManager ReloadAssembly
Native extension for WindowsStandalone target not found
Refreshing native plugins compatible for Editor in 0.27 ms, found 2 plugins.
Preloading 0 native plugins for Editor in 0.00 ms.
Mono: successfully reloaded assembly
- Completed reload, in  1.029 seconds
Domain Reload Profiling:
	ReloadAssembly (1030ms)
		BeginReloadAssembly (139ms)
			ExecutionOrderSort (0ms)
			DisableScriptedObjects (4ms)
			BackupInstance (0ms)
			ReleaseScriptingObjects (0ms)
			CreateAndSetChildDomain (18ms)
		EndReloadAssembly (832ms)
			LoadAssemblies (82ms)
			RebuildTransferFunctionScriptingTraits (0ms)
			SetupTypeCache (258ms)
			ReleaseScriptCaches (0ms)
			RebuildScriptCaches (42ms)
			SetupLoadedEditorAssemblies (362ms)
				LogAssemblyErrors (0ms)
				InitializePlatformSupportModulesInManaged (4ms)
				SetLoadedEditorAssemblies (0ms)
				RefreshPlugins (0ms)
				BeforeProcessingInitializeOnLoad (103ms)
				ProcessInitializeOnLoadAttributes (242ms)
				ProcessInitializeOnLoadMethodAttributes (4ms)
				AfterProcessingInitializeOnLoad (6ms)
				EditorAssembliesLoaded (0ms)
			ExecutionOrderSort2 (0ms)
			AwakeInstancesAfterBackupRestoration (6ms)
Platform modules already initialized, skipping
========================================================================
Worker process is ready to serve import requests
Launched and connected shader compiler UnityShaderCompiler.exe after 0.04 seconds
Refreshing native plugins compatible for Editor in 0.29 ms, found 2 plugins.
Preloading 0 native plugins for Editor in 0.00 ms.
Unloading 1390 Unused Serialized files (Serialized files now loaded: 0)
System memory in use before: 65.2 MB.
System memory in use after: 65.3 MB.

Unloading 19 unused Assets to reduce memory usage. Loaded Objects now: 1823.
Total: 2.058800 ms (FindLiveObjects: 0.134600 ms CreateObjectMapping: 0.042700 ms MarkObjects: 1.806100 ms  DeleteObjects: 0.074500 ms)

AssetImportParameters requested are different than current active one (requested -> active):
  custom:framework-win-MediaFoundation: 216162199b28c13a410421893ffa2e32 -> 
  custom:video-decoder-ogg-theora: a1e56fd34408186e4bbccfd4996cb3dc -> 
  custom:container-muxer-webm: aa71ff27fc2769a1b78a27578f13a17b -> 
  custom:container-demuxer-webm: 4f35f7cbe854078d1ac9338744f61a02 -> 
  custom:container-demuxer-ogg: 62fdf1f143b41e24485cea50d1cbac27 -> 
  custom:video-encoder-webm-vp8: eb34c28f22e8b96e1ab97ce403110664 -> 
  custom:video-decoder-webm-vp8: 9c59270c3fd7afecdb556c50c9e8de78 -> 
  custom:audio-decoder-ogg-vorbis: bf7c407c2cedff20999df2af8eb42d56 -> 
  custom:audio-encoder-webm-vorbis: bf7c407c2cedff20999df2af8eb42d56 -> 
========================================================================
Received Import Request.
  path: Assets
  artifactKey: Guid(00000000000000001000000000000000) Importer(815301076,1909f56bfc062723c751e8b465ee728b)
Start importing Assets using Guid(00000000000000001000000000000000) Importer(815301076,1909f56bfc062723c751e8b465ee728b)  -> (artifact id: '42d402b061de3733987d63b9cc3b64de') in 0.008714 seconds 
  Import took 0.010735 seconds .

========================================================================
Received Import Request.
  Time since last request: 4.817456 seconds.
  path: Assets/Materals
  artifactKey: Guid(6a8a7315f801f01448f8c5772a349ce1) Importer(815301076,1909f56bfc062723c751e8b465ee728b)
Start importing Assets/Materals using Guid(6a8a7315f801f01448f8c5772a349ce1) Importer(815301076,1909f56bfc062723c751e8b465ee728b)  -> (artifact id: 'f8b10e168c2c3c7d23bd0df1ce43e5a4') in 0.008499 seconds 
  Import took 0.011291 seconds .

========================================================================
Received Import Request.
  Time since last request: 9.104890 seconds.
  path: Assets/Materals/New Material.mat
  artifactKey: Guid(28e3e46b5565f5d4ab0a558e4f748378) Importer(815301076,1909f56bfc062723c751e8b465ee728b)
Start importing Assets/Materals/New Material.mat using Guid(28e3e46b5565f5d4ab0a558e4f748378) Importer(815301076,1909f56bfc062723c751e8b465ee728b)  -> (artifact id: 'cda4d192d69ddf5b35a646b6b765493c') in 0.107560 seconds 
  Import took 0.109862 seconds .

========================================================================
Received Import Request.
  Time since last request: 404.967345 seconds.
  path: Assets/Materals/Grass.mat
  artifactKey: Guid(28e3e46b5565f5d4ab0a558e4f748378) Importer(815301076,1909f56bfc062723c751e8b465ee728b)
Start importing Assets/Materals/Grass.mat using Guid(28e3e46b5565f5d4ab0a558e4f748378) Importer(815301076,1909f56bfc062723c751e8b465ee728b)  -> (artifact id: '23e4d488ab7425068a54f9b5bb1250a4') in 0.014998 seconds 
  Import took 0.017840 seconds .

========================================================================
Received Import Request.
  Time since last request: 10.343321 seconds.
  path: Assets/Materals/Stone.mat
  artifactKey: Guid(8e2ebcd9166aa3b4cae27014a3e54c47) Importer(815301076,1909f56bfc062723c751e8b465ee728b)
Start importing Assets/Materals/Stone.mat using Guid(8e2ebcd9166aa3b4cae27014a3e54c47) Importer(815301076,1909f56bfc062723c751e8b465ee728b)  -> (artifact id: 'b644f2335841d5f026a92a67e31d1456') in 0.012050 seconds 
  Import took 0.015039 seconds .

========================================================================
Received Import Request.
  Time since last request: 36.006653 seconds.
  path: Assets/Materals/Wood.mat
  artifactKey: Guid(9b8b8bbf75c2f024e9cf015bd4c57259) Importer(815301076,1909f56bfc062723c751e8b465ee728b)
Start importing Assets/Materals/Wood.mat using Guid(9b8b8bbf75c2f024e9cf015bd4c57259) Importer(815301076,1909f56bfc062723c751e8b465ee728b)  -> (artifact id: '3fc6d3d76fcee315c15f3f0efe6b0da1') in 0.012532 seconds 
  Import took 0.015365 seconds .

========================================================================
Received Import Request.
  Time since last request: 2105.091422 seconds.
  path: Assets/Materals/New Material.mat
  artifactKey: Guid(f29a8de18f453144bbc5555a1d6cea3c) Importer(815301076,1909f56bfc062723c751e8b465ee728b)
Start importing Assets/Materals/New Material.mat using Guid(f29a8de18f453144bbc5555a1d6cea3c) Importer(815301076,1909f56bfc062723c751e8b465ee728b)  -> (artifact id: '26e97ecf81fab8f8686f5f4431602f02') in 0.015142 seconds 
  Import took 0.017900 seconds .

========================================================================
Received Import Request.
  Time since last request: 20.430958 seconds.
  path: Assets/Materals/Metal.mat
  artifactKey: Guid(f29a8de18f453144bbc5555a1d6cea3c) Importer(815301076,1909f56bfc062723c751e8b465ee728b)
Start importing Assets/Materals/Metal.mat using Guid(f29a8de18f453144bbc5555a1d6cea3c) Importer(815301076,1909f56bfc062723c751e8b465ee728b)  -> (artifact id: '9f5dbc7635e11b2e7d83aee96bfd823a') in 0.013100 seconds 
  Import took 0.015440 seconds .

========================================================================
Received Import Request.
  Time since last request: 211.770420 seconds.
  path: Assets/Materals/Metal.mat
  artifactKey: Guid(f29a8de18f453144bbc5555a1d6cea3c) Importer(815301076,1909f56bfc062723c751e8b465ee728b)
Start importing Assets/Materals/Metal.mat using Guid(f29a8de18f453144bbc5555a1d6cea3c) Importer(815301076,1909f56bfc062723c751e8b465ee728b)  -> (artifact id: '1ca3c665c84e406c008ed084af483d0e') in 0.015254 seconds 
  Import took 0.017815 seconds .

========================================================================
Received Import Request.
  Time since last request: 0.000252 seconds.
  path: Assets/Materals/Wood.mat
  artifactKey: Guid(9b8b8bbf75c2f024e9cf015bd4c57259) Importer(815301076,1909f56bfc062723c751e8b465ee728b)
Start importing Assets/Materals/Wood.mat using Guid(9b8b8bbf75c2f024e9cf015bd4c57259) Importer(815301076,1909f56bfc062723c751e8b465ee728b)  -> (artifact id: '70789ada770198c25bc494c3d565cfb5') in 0.009512 seconds 
  Import took 0.011726 seconds .

========================================================================
Received Import Request.
  Time since last request: 0.000273 seconds.
  path: Assets/Materals/Stone.mat
  artifactKey: Guid(8e2ebcd9166aa3b4cae27014a3e54c47) Importer(815301076,1909f56bfc062723c751e8b465ee728b)
Start importing Assets/Materals/Stone.mat using Guid(8e2ebcd9166aa3b4cae27014a3e54c47) Importer(815301076,1909f56bfc062723c751e8b465ee728b)  -> (artifact id: 'e90d307854befdb0b8f19fe031735dfc') in 0.010175 seconds 
  Import took 0.013926 seconds .

========================================================================
Received Import Request.
  Time since last request: 403.890174 seconds.
  path: Assets/Materals/New Material.mat
  artifactKey: Guid(ed10488c92db6c249aae49dc2963006a) Importer(815301076,1909f56bfc062723c751e8b465ee728b)
Start importing Assets/Materals/New Material.mat using Guid(ed10488c92db6c249aae49dc2963006a) Importer(815301076,1909f56bfc062723c751e8b465ee728b)  -> (artifact id: 'a0b5d310cae966f65460d909c86a6867') in 0.009037 seconds 
  Import took 0.011898 seconds .

========================================================================
Received Import Request.
  Time since last request: 22.726208 seconds.
  path: Assets/Materals/Flag.mat
  artifactKey: Guid(ed10488c92db6c249aae49dc2963006a) Importer(815301076,1909f56bfc062723c751e8b465ee728b)
Start importing Assets/Materals/Flag.mat using Guid(ed10488c92db6c249aae49dc2963006a) Importer(815301076,1909f56bfc062723c751e8b465ee728b)  -> (artifact id: '992e84db71758c9782e6d5ce53c38829') in 0.012688 seconds 
  Import took 0.015378 seconds .

AssetImportWorkerClient::OnTransportError - code=2 error=End of file
